H:\POO\TP3\TP3\TP3\DEBUG\MAIN.OBJ
H:\POO\TP3\TP3\TP3\DEBUG\VC110.PDB
H:\POO\TP3\TP3\TP3\DEBUG\ZEROEXCEPTION.OBJ
H:\POO\TP3\TP3\TP3\DEBUG\FRACTION.OBJ
H:\POO\TP3\TP3\TP3\Debug\Main.obj
H:\POO\TP3\TP3\TP3\Debug\Fraction.obj
H:\POO\TP3\TP3\TP3\Debug\ZeroException.obj
H:\POO\TP3\TP3\TP3\Debug\CL.read.1.tlog
H:\POO\TP3\TP3\TP3\Debug\CL.write.1.tlog
H:\POO\TP3\TP3\TP3\Debug\cl.command.1.tlog
H:\POO\TP3\TP3\TP3\Debug\link-rc.read.1.tlog
H:\POO\TP3\TP3\TP3\Debug\link-rc.write.1.tlog
H:\POO\TP3\TP3\TP3\Debug\link-cvtres.read.1.tlog
H:\POO\TP3\TP3\TP3\Debug\link-cvtres.write.1.tlog
H:\POO\TP3\TP3\TP3\Debug\link.read.1.tlog
H:\POO\TP3\TP3\TP3\Debug\link.write.1.tlog
H:\POO\TP3\TP3\TP3\Debug\link.command.1.tlog
H:\POO\TP3\TP3\TP3\Debug\vc110.idb
H:\POO\TP3\TP3\TP3\Debug\vc110.pdb
H:\POO\TP3\TP3\Debug\TP3.pdb
