H:\POO\TP1\TP1\RELEASE\CARTE.OBJ
H:\POO\TP1\TP1\RELEASE\MAIN.OBJ
H:\POO\TP1\TP1\RELEASE\VC110.PDB
H:\POO\TP1\RELEASE\TP1.EXE
H:\POO\TP1\RELEASE\TP1.PDB
H:\POO\TP1\TP1\Release\carte.obj
H:\POO\TP1\TP1\Release\main.obj
H:\POO\TP1\TP1\Release\CL.read.1.tlog
H:\POO\TP1\TP1\Release\CL.write.1.tlog
H:\POO\TP1\TP1\Release\cl.command.1.tlog
H:\POO\TP1\TP1\Release\link-rc.read.1.tlog
H:\POO\TP1\TP1\Release\link-rc.write.1.tlog
H:\POO\TP1\TP1\Release\link-cvtres.read.1.tlog
H:\POO\TP1\TP1\Release\link-cvtres.write.1.tlog
H:\POO\TP1\TP1\Release\link.read.1.tlog
H:\POO\TP1\TP1\Release\link.write.1.tlog
H:\POO\TP1\TP1\Release\link.command.1.tlog
H:\POO\TP1\TP1\Release\vc110.pdb
H:\POO\TP1\Release\TP1.pdb
H:\POO\TP1\Release\TP1.exe
